<?xml version="1.0" encoding="UTF-8"?>
<testsuite xmlns:xsi="http://www.w3.org/2001/XMLSchema-instance" xsi:noNamespaceSchemaLocation="https://maven.apache.org/surefire/maven-surefire-plugin/xsd/surefire-test-report-3.0.xsd" version="3.0" name="com.mongowikiplant.app.MongoWikiPlantApplicationTests" time="6.656" tests="1" errors="0" skipped="0" failures="0">
  <properties>
[...]
</properties>
  <testcase name="contextLoads" classname="com.mongowikiplant.app.MongoWikiPlantApplicationTests" time="1.457">
    <system-out><![CDATA[14:54:01.953 [main] INFO org.springframework.test.context.support.AnnotationConfigContextLoaderUtils -- Could not detect default configuration classes for test class [com.mongowikiplant.app.MongoWikiPlantApplicationTests]: MongoWikiPlantApplicationTests does not declare any static, non-private, non-final, nested classes annotated with @Configuration.
14:54:02.124 [main] INFO org.springframework.boot.test.context.SpringBootTestContextBootstrapper -- Found @SpringBootConfiguration com.mongowikiplant.app.MongoWikiPlantApplication for test class com.mongowikiplant.app.MongoWikiPlantApplicationTests
14:54:02.460 [main] INFO org.springframework.boot.devtools.restart.RestartApplicationListener -- Restart disabled due to context in which it is running

  .   ____          _            __ _ _
 /\\ / ___'_ __ _ _(_)_ __  __ _ \ \ \ \
( ( )\___ | '_ | '_| | '_ \/ _` | \ \ \ \
 \\/  ___)| |_)| | | | | || (_| |  ) ) ) )
  '  |____| .__|_| |_|_| |_\__, | / / / /
 =========|_|==============|___/=/_/_/_/

 :: Spring Boot ::                (v3.3.5)

2024-10-24T14:54:02.880-05:00  INFO 1580 --- [MongoWikiPlant] [           main] c.m.app.MongoWikiPlantApplicationTests   : Starting MongoWikiPlantApplicationTests using Java 17.0.10 with PID 1580 (started by gabo in C:\mongo\MongoWikiPlant)
2024-10-24T14:54:02.883-05:00  INFO 1580 --- [MongoWikiPlant] [           main] c.m.app.MongoWikiPlantApplicationTests   : The following 1 profile is active: "test"
2024-10-24T14:54:03.929-05:00  INFO 1580 --- [MongoWikiPlant] [           main] .s.d.r.c.RepositoryConfigurationDelegate : Bootstrapping Spring Data MongoDB repositories in DEFAULT mode.
2024-10-24T14:54:04.052-05:00  INFO 1580 --- [MongoWikiPlant] [           main] .s.d.r.c.RepositoryConfigurationDelegate : Finished Spring Data repository scanning in 114 ms. Found 2 MongoDB repository interfaces.
2024-10-24T14:54:05.189-05:00  INFO 1580 --- [MongoWikiPlant] [           main] org.mongodb.driver.client                : MongoClient with metadata {"driver": {"name": "mongo-java-driver|sync|spring-boot", "version": "5.0.1"}, "os": {"type": "Windows", "name": "Windows 10", "architecture": "amd64", "version": "10.0"}, "platform": "Java/Eclipse Adoptium/17.0.10+7"} created with settings MongoClientSettings{readPreference=primary, writeConcern=WriteConcern{w=null, wTimeout=null ms, journal=null}, retryWrites=true, retryReads=true, readConcern=ReadConcern{level=null}, credential=MongoCredential{mechanism=null, userName='Gabriel', source='admin', password=<hidden>, mechanismProperties=<hidden>}, transportSettings=null, commandListeners=[], codecRegistry=ProvidersCodecRegistry{codecProviders=[ValueCodecProvider{}, BsonValueCodecProvider{}, DBRefCodecProvider{}, DBObjectCodecProvider{}, DocumentCodecProvider{}, CollectionCodecProvider{}, IterableCodecProvider{}, MapCodecProvider{}, GeoJsonCodecProvider{}, GridFSFileCodecProvider{}, Jsr310CodecProvider{}, JsonObjectCodecProvider{}, BsonCodecProvider{}, EnumCodecProvider{}, com.mongodb.client.model.mql.ExpressionCodecProvider@12d2ddde, com.mongodb.Jep395RecordCodecProvider@62b475e2, com.mongodb.KotlinCodecProvider@e9474f]}, loggerSettings=LoggerSettings{maxDocumentLength=1000}, clusterSettings={hosts=[127.0.0.1:27017], srvHost=gabocloud.fup21.mongodb.net, srvServiceName=mongodb, mode=MULTIPLE, requiredClusterType=REPLICA_SET, requiredReplicaSetName='atlas-pzkhhs-shard-0', serverSelector='null', clusterListeners='[]', serverSelectionTimeout='30000 ms', localThreshold='15 ms'}, socketSettings=SocketSettings{connectTimeoutMS=10000, readTimeoutMS=0, receiveBufferSize=0, proxySettings=ProxySettings{host=null, port=null, username=null, password=null}}, heartbeatSocketSettings=SocketSettings{connectTimeoutMS=10000, readTimeoutMS=10000, receiveBufferSize=0, proxySettings=ProxySettings{host=null, port=null, username=null, password=null}}, connectionPoolSettings=ConnectionPoolSettings{maxSize=100, minSize=0, maxWaitTimeMS=120000, maxConnectionLifeTimeMS=0, maxConnectionIdleTimeMS=0, maintenanceInitialDelayMS=0, maintenanceFrequencyMS=60000, connectionPoolListeners=[], maxConnecting=2}, serverSettings=ServerSettings{heartbeatFrequencyMS=10000, minHeartbeatFrequencyMS=500, serverListeners='[]', serverMonitorListeners='[]'}, sslSettings=SslSettings{enabled=true, invalidHostNameAllowed=false, context=null}, applicationName='null', compressorList=[], uuidRepresentation=JAVA_LEGACY, serverApi=null, autoEncryptionSettings=null, dnsClient=null, inetAddressResolver=null, contextProvider=null}
2024-10-24T14:54:05.913-05:00  INFO 1580 --- [MongoWikiPlant] [p21.mongodb.net] org.mongodb.driver.cluster               : Adding discovered server gabocloud-shard-00-00.fup21.mongodb.net:27017 to client view of cluster
2024-10-24T14:54:05.980-05:00  INFO 1580 --- [MongoWikiPlant] [p21.mongodb.net] org.mongodb.driver.cluster               : Adding discovered server gabocloud-shard-00-02.fup21.mongodb.net:27017 to client view of cluster
2024-10-24T14:54:05.986-05:00  INFO 1580 --- [MongoWikiPlant] [p21.mongodb.net] org.mongodb.driver.cluster               : Adding discovered server gabocloud-shard-00-01.fup21.mongodb.net:27017 to client view of cluster
2024-10-24T14:54:06.824-05:00  INFO 1580 --- [MongoWikiPlant] [           main] c.m.app.MongoWikiPlantApplicationTests   : Started MongoWikiPlantApplicationTests in 4.385 seconds (process running for 6.027)
2024-10-24T14:54:07.145-05:00  INFO 1580 --- [MongoWikiPlant] [ngodb.net:27017] org.mongodb.driver.cluster               : Monitor thread successfully connected to server with description ServerDescription{address=gabocloud-shard-00-00.fup21.mongodb.net:27017, type=REPLICA_SET_SECONDARY, state=CONNECTED, ok=true, minWireVersion=0, maxWireVersion=21, maxDocumentSize=16777216, logicalSessionTimeoutMinutes=30, roundTripTimeNanos=649191500, setName='atlas-pzkhhs-shard-0', canonicalAddress=gabocloud-shard-00-00.fup21.mongodb.net:27017, hosts=[gabocloud-shard-00-00.fup21.mongodb.net:27017, gabocloud-shard-00-01.fup21.mongodb.net:27017, gabocloud-shard-00-02.fup21.mongodb.net:27017], passives=[], arbiters=[], primary='gabocloud-shard-00-01.fup21.mongodb.net:27017', tagSet=TagSet{[Tag{name='availabilityZone', value='southamerica-east1-a'}, Tag{name='diskState', value='READY'}, Tag{name='nodeType', value='ELECTABLE'}, Tag{name='provider', value='GCP'}, Tag{name='region', value='SOUTH_AMERICA_EAST_1'}, Tag{name='workloadType', value='OPERATIONAL'}]}, electionId=null, setVersion=11, topologyVersion=TopologyVersion{processId=6707e4ec0e6c916aa162c922, counter=4}, lastWriteDate=Thu Oct 24 14:54:07 COT 2024, lastUpdateTimeNanos=12641913089600}
2024-10-24T14:54:07.146-05:00  INFO 1580 --- [MongoWikiPlant] [ngodb.net:27017] org.mongodb.driver.cluster               : Monitor thread successfully connected to server with description ServerDescription{address=gabocloud-shard-00-02.fup21.mongodb.net:27017, type=REPLICA_SET_SECONDARY, state=CONNECTED, ok=true, minWireVersion=0, maxWireVersion=21, maxDocumentSize=16777216, logicalSessionTimeoutMinutes=30, roundTripTimeNanos=649423800, setName='atlas-pzkhhs-shard-0', canonicalAddress=gabocloud-shard-00-02.fup21.mongodb.net:27017, hosts=[gabocloud-shard-00-00.fup21.mongodb.net:27017, gabocloud-shard-00-01.fup21.mongodb.net:27017, gabocloud-shard-00-02.fup21.mongodb.net:27017], passives=[], arbiters=[], primary='gabocloud-shard-00-01.fup21.mongodb.net:27017', tagSet=TagSet{[Tag{name='availabilityZone', value='southamerica-east1-c'}, Tag{name='diskState', value='READY'}, Tag{name='nodeType', value='ELECTABLE'}, Tag{name='provider', value='GCP'}, Tag{name='region', value='SOUTH_AMERICA_EAST_1'}, Tag{name='workloadType', value='OPERATIONAL'}]}, electionId=null, setVersion=11, topologyVersion=TopologyVersion{processId=6707ea3f7c939837e8019327, counter=3}, lastWriteDate=Thu Oct 24 14:54:07 COT 2024, lastUpdateTimeNanos=12641913274000}
2024-10-24T14:54:07.146-05:00  INFO 1580 --- [MongoWikiPlant] [ngodb.net:27017] org.mongodb.driver.cluster               : Monitor thread successfully connected to server with description ServerDescription{address=gabocloud-shard-00-01.fup21.mongodb.net:27017, type=REPLICA_SET_PRIMARY, state=CONNECTED, ok=true, minWireVersion=0, maxWireVersion=21, maxDocumentSize=16777216, logicalSessionTimeoutMinutes=30, roundTripTimeNanos=649240400, setName='atlas-pzkhhs-shard-0', canonicalAddress=gabocloud-shard-00-01.fup21.mongodb.net:27017, hosts=[gabocloud-shard-00-00.fup21.mongodb.net:27017, gabocloud-shard-00-01.fup21.mongodb.net:27017, gabocloud-shard-00-02.fup21.mongodb.net:27017], passives=[], arbiters=[], primary='gabocloud-shard-00-01.fup21.mongodb.net:27017', tagSet=TagSet{[Tag{name='availabilityZone', value='southamerica-east1-b'}, Tag{name='diskState', value='READY'}, Tag{name='nodeType', value='ELECTABLE'}, Tag{name='provider', value='GCP'}, Tag{name='region', value='SOUTH_AMERICA_EAST_1'}, Tag{name='workloadType', value='OPERATIONAL'}]}, electionId=7fffffff000000000000007b, setVersion=11, topologyVersion=TopologyVersion{processId=6707e835f2396d291b5af0ab, counter=6}, lastWriteDate=Thu Oct 24 14:54:07 COT 2024, lastUpdateTimeNanos=12641913089600}
2024-10-24T14:54:07.155-05:00  INFO 1580 --- [MongoWikiPlant] [ngodb.net:27017] org.mongodb.driver.cluster               : Discovered replica set primary gabocloud-shard-00-01.fup21.mongodb.net:27017 with max election id 7fffffff000000000000007b and max set version 11
]]></system-out>
  </testcase>
</testsuite>